Using pre-set license
Built from '2020.2/staging' branch; Version is '2020.2.7f1 (c53830e277f1) revision 12924976'; Using compiler version '192528614'; Build Type 'Release'
OS: 'Windows 10 Pro; OS build 19041.1052; Version 2004; 64bit' Language: 'en' Physical Memory: 7891 MB
BatchMode: 1, IsHumanControllingUs: 0, StartBugReporterOnCrash: 0, Is64bit: 1, IsPro: 0

 COMMAND LINE ARGUMENTS:
D:\Program Files\Unity\2020.2.7f1\Editor\Unity.exe
-adb2
-batchMode
-noUpm
-name
AssetImportWorker1
-projectPath
D:/GitHub/MonBat_Game
-logFile
Logs/AssetImportWorker1.log
-srvPort
60765
Successfully changed project path to: D:/GitHub/MonBat_Game
D:/GitHub/MonBat_Game
Using Asset Import Pipeline V2.
Refreshing native plugins compatible for Editor in 82.98 ms, found 3 plugins.
Preloading 0 native plugins for Editor in 0.00 ms.
Initialize engine version: 2020.2.7f1 (c53830e277f1)
[Subsystems] Discovering subsystems at path D:/Program Files/Unity/2020.2.7f1/Editor/Data/Resources/UnitySubsystems
[Subsystems] Discovering subsystems at path D:/GitHub/MonBat_Game/Assets
GfxDevice: creating device client; threaded=0
Direct3D:
    Version:  Direct3D 11.0 [level 11.1]
    Renderer: NVIDIA GeForce GTX 960 (ID=0x1401)
    Vendor:   
    VRAM:     2007 MB
    Driver:   27.21.14.6079
Initialize mono
Mono path[0] = 'D:/Program Files/Unity/2020.2.7f1/Editor/Data/Managed'
Mono path[1] = 'D:/Program Files/Unity/2020.2.7f1/Editor/Data/MonoBleedingEdge/lib/mono/unityjit'
Mono config path = 'D:/Program Files/Unity/2020.2.7f1/Editor/Data/MonoBleedingEdge/etc'
Using monoOptions --debugger-agent=transport=dt_socket,embedding=1,server=y,suspend=n,address=127.0.0.1:56532
Begin MonoManager ReloadAssembly
Registering precompiled unity dll's ...
Register platform support module: D:/Program Files/Unity/2020.2.7f1/Editor/Data/PlaybackEngines/WindowsStandaloneSupport/UnityEditor.WindowsStandalone.Extensions.dll
Registered in 0.002050 seconds.
Native extension for WindowsStandalone target not found
Refreshing native plugins compatible for Editor in 89.93 ms, found 3 plugins.
Preloading 0 native plugins for Editor in 0.00 ms.
Invoked RoslynAnalysisRunner static constructor.
RoslynAnalysisRunner will not be running.
RoslynAnalysisRunner has terminated.
Mono: successfully reloaded assembly
- Completed reload, in  2.000 seconds
Platform modules already initialized, skipping
Registering precompiled user dll's ...
Registered in 0.001592 seconds.
Begin MonoManager ReloadAssembly
Native extension for WindowsStandalone target not found
Refreshing native plugins compatible for Editor in 0.90 ms, found 3 plugins.
Preloading 0 native plugins for Editor in 0.00 ms.
Invoked RoslynAnalysisRunner static constructor.
RoslynAnalysisRunner will not be running.
RoslynAnalysisRunner has terminated.
Mono: successfully reloaded assembly
- Completed reload, in  2.169 seconds
Platform modules already initialized, skipping
========================================================================
Worker process is ready to serve import requests
Launched and connected shader compiler UnityShaderCompiler.exe after 0.26 seconds
Refreshing native plugins compatible for Editor in 0.44 ms, found 3 plugins.
Preloading 0 native plugins for Editor in 0.00 ms.
Unloading 1978 Unused Serialized files (Serialized files now loaded: 0)
System memory in use before: 89.2 MB.
System memory in use after: 89.3 MB.

Unloading 17 unused Assets to reduce memory usage. Loaded Objects now: 2425.
Total: 2.427900 ms (FindLiveObjects: 0.194000 ms CreateObjectMapping: 0.077200 ms MarkObjects: 2.085300 ms  DeleteObjects: 0.070100 ms)

========================================================================
Received Import Request.
  path: Assets/Materials/dirt.jpg
  artifactKey: Guid(eb758e2c21a9f4442bd13d4e4e4412f1) Importer(815301076,1909f56bfc062723c751e8b465ee728b)
Start importing Assets/Materials/dirt.jpg using Guid(eb758e2c21a9f4442bd13d4e4e4412f1) Importer(815301076,1909f56bfc062723c751e8b465ee728b)  -> (artifact id: 'bddf4d49123567e73a22136abe9dbd01') in 0.215667 seconds
  Import took 0.241135 seconds .

========================================================================
Received Import Request.
  Time since last request: 95.506458 seconds.
  path: Assets/Materials/UI
  artifactKey: Guid(40a2df3cb0b452d4fa67051438d29273) Importer(815301076,1909f56bfc062723c751e8b465ee728b)
Start importing Assets/Materials/UI using Guid(40a2df3cb0b452d4fa67051438d29273) Importer(815301076,1909f56bfc062723c751e8b465ee728b)  -> (artifact id: '2ccc18e6673886e77abe7c16cf2f8066') in 0.015526 seconds
  Import took 0.032950 seconds .

========================================================================
Received Import Request.
  Time since last request: 39.489570 seconds.
  path: Assets/Materials/UI/grimdrive.png
  artifactKey: Guid(83d3d3c5ca137ef4083676336d36fc07) Importer(815301076,1909f56bfc062723c751e8b465ee728b)
Start importing Assets/Materials/UI/grimdrive.png using Guid(83d3d3c5ca137ef4083676336d36fc07) Importer(815301076,1909f56bfc062723c751e8b465ee728b)  -> (artifact id: 'b346925383a95383f8f0b9abb9013315') in 0.056282 seconds
  Import took 0.075237 seconds .

========================================================================
Received Import Request.
  Time since last request: 143.975428 seconds.
  path: Assets/Resources/UISprites/Textures
  artifactKey: Guid(f6f95b938e9dd484597e3367736b24e5) Importer(815301076,1909f56bfc062723c751e8b465ee728b)
Start importing Assets/Resources/UISprites/Textures using Guid(f6f95b938e9dd484597e3367736b24e5) Importer(815301076,1909f56bfc062723c751e8b465ee728b)  -> (artifact id: '9beeec2be12ec7d28bbb3e031907062f') in 0.015326 seconds
  Import took 0.033800 seconds .

========================================================================
Received Import Request.
  Time since last request: 132.200252 seconds.
  path: Assets/Scripts/UI
  artifactKey: Guid(d2cce68e252ad304d85a9e5c3b67ffeb) Importer(815301076,1909f56bfc062723c751e8b465ee728b)
Start importing Assets/Scripts/UI using Guid(d2cce68e252ad304d85a9e5c3b67ffeb) Importer(815301076,1909f56bfc062723c751e8b465ee728b)  -> (artifact id: 'f7ed624685d1d4788e7276698a851508') in 0.011345 seconds
  Import took 0.037324 seconds .

========================================================================
Received Import Request.
  Time since last request: 10.604594 seconds.
  path: Assets/Scripts/UI/TitleScreen
  artifactKey: Guid(08be760319ebd7e4c870fbc048576972) Importer(815301076,1909f56bfc062723c751e8b465ee728b)
Start importing Assets/Scripts/UI/TitleScreen using Guid(08be760319ebd7e4c870fbc048576972) Importer(815301076,1909f56bfc062723c751e8b465ee728b)  -> (artifact id: 'a9901effd0144b273d962ee0a97249d1') in 0.023728 seconds
  Import took 0.032879 seconds .

========================================================================
Received Import Request.
  Time since last request: 15.762414 seconds.
  path: Assets/Models/Monsters/Meshtint Free Boximon Fiery Mega Toon Series/FBX/Boximon Fiery.FBX
  artifactKey: Guid(9213d9c7c87ed1448b0ca6a582ac8776) Importer(815301076,1909f56bfc062723c751e8b465ee728b)
Start importing Assets/Models/Monsters/Meshtint Free Boximon Fiery Mega Toon Series/FBX/Boximon Fiery.FBX using Guid(9213d9c7c87ed1448b0ca6a582ac8776) Importer(815301076,1909f56bfc062723c751e8b465ee728b)  -> (artifact id: '46f4ffd3588f390f72ce2fe55e270301') in 0.374680 seconds
  Import took 0.401282 seconds .

========================================================================
Received Import Request.
  Time since last request: 0.000544 seconds.
  path: Assets/Models/Monsters/Meshtint Free Boximon Cyclopes Mega Toon Series/FBX/Boximon Cyclopes.FBX
  artifactKey: Guid(ae131935918fc9646808e794022dceea) Importer(815301076,1909f56bfc062723c751e8b465ee728b)
Start importing Assets/Models/Monsters/Meshtint Free Boximon Cyclopes Mega Toon Series/FBX/Boximon Cyclopes.FBX using Guid(ae131935918fc9646808e794022dceea) Importer(815301076,1909f56bfc062723c751e8b465ee728b)  -> (artifact id: 'e05f94e4f4f301af335255ce6e548d31') in 0.088344 seconds
  Import took 0.116860 seconds .

========================================================================
Received Import Request.
  Time since last request: 0.000247 seconds.
  path: Assets/Models/Monsters/Meshtint Free Boximon Fiery Mega Toon Series/FBX/Boximon Fiery.FBX
  artifactKey: Guid(9213d9c7c87ed1448b0ca6a582ac8776) Importer(815301076,1909f56bfc062723c751e8b465ee728b)
Start importing Assets/Models/Monsters/Meshtint Free Boximon Fiery Mega Toon Series/FBX/Boximon Fiery.FBX using Guid(9213d9c7c87ed1448b0ca6a582ac8776) Importer(815301076,1909f56bfc062723c751e8b465ee728b)  -> (artifact id: '46f4ffd3588f390f72ce2fe55e270301') in 0.067354 seconds
  Import took 0.075739 seconds .

========================================================================
Received Import Request.
  Time since last request: 0.000293 seconds.
  path: Assets/Models/Monsters/Meshtint Free Boximon Cyclopes Mega Toon Series/FBX/Boximon Cyclopes.FBX
  artifactKey: Guid(ae131935918fc9646808e794022dceea) Importer(815301076,1909f56bfc062723c751e8b465ee728b)
Start importing Assets/Models/Monsters/Meshtint Free Boximon Cyclopes Mega Toon Series/FBX/Boximon Cyclopes.FBX using Guid(ae131935918fc9646808e794022dceea) Importer(815301076,1909f56bfc062723c751e8b465ee728b)  -> (artifact id: 'e05f94e4f4f301af335255ce6e548d31') in 0.055743 seconds
  Import took 0.060129 seconds .

========================================================================
Received Import Request.
  Time since last request: 10.944066 seconds.
  path: Assets/Models/Monsters/Meshtint Free Boximon Cyclopes Mega Toon Series/Boximon Animations/Boximon@Attack 01.FBX
  artifactKey: Guid(c256d06ac23fc304783b388694974f3e) Importer(815301076,1909f56bfc062723c751e8b465ee728b)
Start importing Assets/Models/Monsters/Meshtint Free Boximon Cyclopes Mega Toon Series/Boximon Animations/Boximon@Attack 01.FBX using Guid(c256d06ac23fc304783b388694974f3e) Importer(815301076,1909f56bfc062723c751e8b465ee728b)  -> (artifact id: '007f1e6c0a741902638df4ae3c497a0d') in 0.023260 seconds
  Import took 0.051054 seconds .

========================================================================
Received Import Request.
  Time since last request: 0.000341 seconds.
  path: Assets/Models/Monsters/Meshtint Free Boximon Cyclopes Mega Toon Series/Boximon Animations/Boximon@Attack 02.FBX
  artifactKey: Guid(f90822dc21243c143832aadcda799012) Importer(815301076,1909f56bfc062723c751e8b465ee728b)
Start importing Assets/Models/Monsters/Meshtint Free Boximon Cyclopes Mega Toon Series/Boximon Animations/Boximon@Attack 02.FBX using Guid(f90822dc21243c143832aadcda799012) Importer(815301076,1909f56bfc062723c751e8b465ee728b)  -> (artifact id: '817085a732180a60a5e450c17d502061') in 0.062305 seconds
  Import took 0.078030 seconds .

========================================================================
Received Import Request.
  Time since last request: 0.000225 seconds.
  path: Assets/Models/Monsters/Meshtint Free Boximon Cyclopes Mega Toon Series/Demo Assets/Boximon.asset
  artifactKey: Guid(11e096b299192624c97d44fa47c066f1) Importer(815301076,1909f56bfc062723c751e8b465ee728b)
Start importing Assets/Models/Monsters/Meshtint Free Boximon Cyclopes Mega Toon Series/Demo Assets/Boximon.asset using Guid(11e096b299192624c97d44fa47c066f1) Importer(815301076,1909f56bfc062723c751e8b465ee728b)  -> (artifact id: 'a2aa9425d4dd6d620c4faf8834e1c95e') in 0.053619 seconds
  Import took 0.067899 seconds .

========================================================================
Received Import Request.
  Time since last request: 34.237768 seconds.
  path: Assets/Scripts/UI/TitleScreen/PlayButtonScript.cs
  artifactKey: Guid(5a3f1f170d5d806449c1a56f9fce98eb) Importer(815301076,1909f56bfc062723c751e8b465ee728b)
Start importing Assets/Scripts/UI/TitleScreen/PlayButtonScript.cs using Guid(5a3f1f170d5d806449c1a56f9fce98eb) Importer(815301076,1909f56bfc062723c751e8b465ee728b)  -> (artifact id: '14ba7dcb49d8751150570504b1e5d5fb') in 0.060605 seconds
  Import took 0.066704 seconds .

========================================================================
Received Prepare
Registering precompiled user dll's ...
Registered in 0.001324 seconds.
Begin MonoManager ReloadAssembly
Native extension for WindowsStandalone target not found
Refreshing native plugins compatible for Editor in 0.71 ms, found 3 plugins.
Preloading 0 native plugins for Editor in 0.00 ms.
Invoked RoslynAnalysisRunner static constructor.
RoslynAnalysisRunner will not be running.
RoslynAnalysisRunner has terminated.
Mono: successfully reloaded assembly
- Completed reload, in  1.466 seconds
Platform modules already initialized, skipping
Script is not up to date after domain reload: guid(e6c112cdd757de0498f710b72a34855d) path("Assets/Scripts/UI/TitleScreen/NewBehaviourScript.cs") state(2)
Refreshing native plugins compatible for Editor in 0.82 ms, found 3 plugins.
Preloading 0 native plugins for Editor in 0.00 ms.
Unloading 1929 Unused Serialized files (Serialized files now loaded: 0)
System memory in use before: 104.1 MB.
System memory in use after: 104.2 MB.

Unloading 12 unused Assets to reduce memory usage. Loaded Objects now: 2476.
Total: 24.365400 ms (FindLiveObjects: 2.250500 ms CreateObjectMapping: 0.315700 ms MarkObjects: 21.755800 ms  DeleteObjects: 0.041700 ms)

========================================================================
Received Import Request.
  Time since last request: 9.054654 seconds.
  path: Assets/Scripts/UI/TitleScreen/NewBehaviourScript.cs
  artifactKey: Guid(e6c112cdd757de0498f710b72a34855d) Importer(815301076,1909f56bfc062723c751e8b465ee728b)
Start importing Assets/Scripts/UI/TitleScreen/NewBehaviourScript.cs using Guid(e6c112cdd757de0498f710b72a34855d) Importer(815301076,1909f56bfc062723c751e8b465ee728b)  -> (artifact id: 'aba6a2008ed562ab8a3f29fe4d069784') in 0.027357 seconds
  Import took 0.038691 seconds .

========================================================================
Received Prepare
Registering precompiled user dll's ...
Registered in 0.001766 seconds.
Begin MonoManager ReloadAssembly
Native extension for WindowsStandalone target not found
Refreshing native plugins compatible for Editor in 0.44 ms, found 3 plugins.
Preloading 0 native plugins for Editor in 0.00 ms.
Invoked RoslynAnalysisRunner static constructor.
RoslynAnalysisRunner will not be running.
RoslynAnalysisRunner has terminated.
Mono: successfully reloaded assembly
- Completed reload, in  1.051 seconds
Platform modules already initialized, skipping
Refreshing native plugins compatible for Editor in 0.82 ms, found 3 plugins.
Preloading 0 native plugins for Editor in 0.00 ms.
Unloading 1929 Unused Serialized files (Serialized files now loaded: 0)
System memory in use before: 104.1 MB.
System memory in use after: 104.2 MB.

Unloading 12 unused Assets to reduce memory usage. Loaded Objects now: 2480.
Total: 2.666400 ms (FindLiveObjects: 0.368300 ms CreateObjectMapping: 0.254000 ms MarkObjects: 2.025400 ms  DeleteObjects: 0.017100 ms)

========================================================================
Received Import Request.
  Time since last request: 9.958856 seconds.
  path: Assets/Scripts/UI/TitleScreen/ExitButtonScript.cs
  artifactKey: Guid(e6c112cdd757de0498f710b72a34855d) Importer(815301076,1909f56bfc062723c751e8b465ee728b)
Start importing Assets/Scripts/UI/TitleScreen/ExitButtonScript.cs using Guid(e6c112cdd757de0498f710b72a34855d) Importer(815301076,1909f56bfc062723c751e8b465ee728b)  -> (artifact id: '88e4f7c23486b3c96a408d883b7bc6a9') in 0.035064 seconds
  Import took 0.051543 seconds .

========================================================================
Received Prepare
Registering precompiled user dll's ...
Registered in 0.002264 seconds.
Begin MonoManager ReloadAssembly
Native extension for WindowsStandalone target not found
Refreshing native plugins compatible for Editor in 0.37 ms, found 3 plugins.
Preloading 0 native plugins for Editor in 0.00 ms.
Invoked RoslynAnalysisRunner static constructor.
RoslynAnalysisRunner will not be running.
RoslynAnalysisRunner has terminated.
Mono: successfully reloaded assembly
- Completed reload, in  1.117 seconds
Platform modules already initialized, skipping
Refreshing native plugins compatible for Editor in 0.75 ms, found 3 plugins.
Preloading 0 native plugins for Editor in 0.00 ms.
Unloading 1929 Unused Serialized files (Serialized files now loaded: 0)
System memory in use before: 104.1 MB.
System memory in use after: 104.2 MB.

Unloading 12 unused Assets to reduce memory usage. Loaded Objects now: 2483.
Total: 4.066000 ms (FindLiveObjects: 0.342900 ms CreateObjectMapping: 0.145000 ms MarkObjects: 3.550700 ms  DeleteObjects: 0.025400 ms)

========================================================================
Received Import Request.
  Time since last request: 120.159476 seconds.
  path: Assets/Materials/UI/Sprite-0010.gif
  artifactKey: Guid(a77ca25a5d00e3a45b4258d523e508a1) Importer(815301076,1909f56bfc062723c751e8b465ee728b)
Start importing Assets/Materials/UI/Sprite-0010.gif using Guid(a77ca25a5d00e3a45b4258d523e508a1) Importer(815301076,1909f56bfc062723c751e8b465ee728b)  -> (artifact id: '733cf582968cb932916fa6bebfe278f2') in 0.101931 seconds
  Import took 0.155191 seconds .

========================================================================
Received Prepare
Registering precompiled user dll's ...
Registered in 0.001973 seconds.
Begin MonoManager ReloadAssembly
Native extension for WindowsStandalone target not found
Refreshing native plugins compatible for Editor in 0.39 ms, found 3 plugins.
Preloading 0 native plugins for Editor in 0.00 ms.
Invoked RoslynAnalysisRunner static constructor.
RoslynAnalysisRunner will not be running.
RoslynAnalysisRunner has terminated.
Mono: successfully reloaded assembly
- Completed reload, in  1.263 seconds
Platform modules already initialized, skipping
Refreshing native plugins compatible for Editor in 1.17 ms, found 3 plugins.
Preloading 0 native plugins for Editor in 0.00 ms.
Unloading 1929 Unused Serialized files (Serialized files now loaded: 0)
System memory in use before: 104.1 MB.
System memory in use after: 104.2 MB.

Unloading 12 unused Assets to reduce memory usage. Loaded Objects now: 2486.
Total: 3.987700 ms (FindLiveObjects: 0.515400 ms CreateObjectMapping: 0.173500 ms MarkObjects: 3.272800 ms  DeleteObjects: 0.024700 ms)

========================================================================
Received Import Request.
  Time since last request: 51.455326 seconds.
  path: Assets/Materials/UI/Sprite-0010.gif
  artifactKey: Guid(a77ca25a5d00e3a45b4258d523e508a1) Importer(815301076,1909f56bfc062723c751e8b465ee728b)
Start importing Assets/Materials/UI/Sprite-0010.gif using Guid(a77ca25a5d00e3a45b4258d523e508a1) Importer(815301076,1909f56bfc062723c751e8b465ee728b)  -> (artifact id: '0b3a168a5c6cd28edfa9dc9eef81e4c5') in 0.077119 seconds
  Import took 0.096974 seconds .

========================================================================
Received Prepare
Registering precompiled user dll's ...
Registered in 0.001785 seconds.
Begin MonoManager ReloadAssembly
Native extension for WindowsStandalone target not found
Refreshing native plugins compatible for Editor in 2.59 ms, found 3 plugins.
Preloading 0 native plugins for Editor in 0.00 ms.
Invoked RoslynAnalysisRunner static constructor.
RoslynAnalysisRunner will not be running.
RoslynAnalysisRunner has terminated.
Mono: successfully reloaded assembly
- Completed reload, in  1.423 seconds
Platform modules already initialized, skipping
Refreshing native plugins compatible for Editor in 0.40 ms, found 3 plugins.
Preloading 0 native plugins for Editor in 0.00 ms.
Unloading 1929 Unused Serialized files (Serialized files now loaded: 0)
System memory in use before: 104.1 MB.
System memory in use after: 104.2 MB.

Unloading 12 unused Assets to reduce memory usage. Loaded Objects now: 2489.
Total: 1.892700 ms (FindLiveObjects: 0.202400 ms CreateObjectMapping: 0.073200 ms MarkObjects: 1.598000 ms  DeleteObjects: 0.017800 ms)

========================================================================
Received Import Request.
  Time since last request: 88.046152 seconds.
  path: Assets/Scripts/UI/TitleScreen/ExitButtonScript.cs
  artifactKey: Guid(e6c112cdd757de0498f710b72a34855d) Importer(815301076,1909f56bfc062723c751e8b465ee728b)
Start importing Assets/Scripts/UI/TitleScreen/ExitButtonScript.cs using Guid(e6c112cdd757de0498f710b72a34855d) Importer(815301076,1909f56bfc062723c751e8b465ee728b)  -> (artifact id: '824045b41b4a86b0516f6cf437f0557c') in 0.006205 seconds
  Import took 0.010058 seconds .

========================================================================
Received Prepare
Registering precompiled user dll's ...
Registered in 0.002106 seconds.
Begin MonoManager ReloadAssembly
Native extension for WindowsStandalone target not found
Refreshing native plugins compatible for Editor in 0.38 ms, found 3 plugins.
Preloading 0 native plugins for Editor in 0.00 ms.
Invoked RoslynAnalysisRunner static constructor.
RoslynAnalysisRunner will not be running.
RoslynAnalysisRunner has terminated.
Mono: successfully reloaded assembly
- Completed reload, in  1.262 seconds
Platform modules already initialized, skipping
Refreshing native plugins compatible for Editor in 0.42 ms, found 3 plugins.
Preloading 0 native plugins for Editor in 0.00 ms.
Unloading 1929 Unused Serialized files (Serialized files now loaded: 0)
System memory in use before: 104.1 MB.
System memory in use after: 104.2 MB.

Unloading 12 unused Assets to reduce memory usage. Loaded Objects now: 2492.
Total: 2.369600 ms (FindLiveObjects: 0.239400 ms CreateObjectMapping: 0.079800 ms MarkObjects: 2.027100 ms  DeleteObjects: 0.022100 ms)

========================================================================
Received Prepare
Registering precompiled user dll's ...
Registered in 0.002570 seconds.
Begin MonoManager ReloadAssembly
Native extension for WindowsStandalone target not found
Refreshing native plugins compatible for Editor in 0.37 ms, found 3 plugins.
Preloading 0 native plugins for Editor in 0.00 ms.
Invoked RoslynAnalysisRunner static constructor.
RoslynAnalysisRunner will not be running.
RoslynAnalysisRunner has terminated.
Mono: successfully reloaded assembly
- Completed reload, in  1.174 seconds
Platform modules already initialized, skipping
Refreshing native plugins compatible for Editor in 0.38 ms, found 3 plugins.
Preloading 0 native plugins for Editor in 0.00 ms.
Unloading 1929 Unused Serialized files (Serialized files now loaded: 0)
System memory in use before: 104.1 MB.
System memory in use after: 104.3 MB.

Unloading 12 unused Assets to reduce memory usage. Loaded Objects now: 2495.
Total: 2.890100 ms (FindLiveObjects: 0.360100 ms CreateObjectMapping: 0.099800 ms MarkObjects: 2.408600 ms  DeleteObjects: 0.020200 ms)

========================================================================
Received Prepare
Registering precompiled user dll's ...
Registered in 0.001821 seconds.
Begin MonoManager ReloadAssembly
Native extension for WindowsStandalone target not found
Refreshing native plugins compatible for Editor in 6.15 ms, found 3 plugins.
Preloading 0 native plugins for Editor in 0.00 ms.
Invoked RoslynAnalysisRunner static constructor.
RoslynAnalysisRunner will not be running.
RoslynAnalysisRunner has terminated.
Mono: successfully reloaded assembly
- Completed reload, in  2.708 seconds
Platform modules already initialized, skipping
Refreshing native plugins compatible for Editor in 1.09 ms, found 3 plugins.
Preloading 0 native plugins for Editor in 0.00 ms.
Unloading 1929 Unused Serialized files (Serialized files now loaded: 0)
System memory in use before: 104.2 MB.
System memory in use after: 104.3 MB.

Unloading 12 unused Assets to reduce memory usage. Loaded Objects now: 2498.
Total: 4.771300 ms (FindLiveObjects: 0.570700 ms CreateObjectMapping: 0.420800 ms MarkObjects: 3.756700 ms  DeleteObjects: 0.021700 ms)

========================================================================
Received Import Request.
  Time since last request: 295.434648 seconds.
  path: Assets/Scenes/SampleScene.unity
  artifactKey: Guid(9fc0d4010bbf28b4594072e72b8655ab) Importer(815301076,1909f56bfc062723c751e8b465ee728b)
Start importing Assets/Scenes/SampleScene.unity using Guid(9fc0d4010bbf28b4594072e72b8655ab) Importer(815301076,1909f56bfc062723c751e8b465ee728b)  -> (artifact id: '6c65d90a9cbfb8047872b17b8903f2d8') in 0.036141 seconds
  Import took 0.058029 seconds .

========================================================================
Received Import Request.
  Time since last request: 0.081780 seconds.
  path: Assets/Scenes/SampleScene.unity
  artifactKey: Guid(9fc0d4010bbf28b4594072e72b8655ab) Importer(815301076,1909f56bfc062723c751e8b465ee728b)
Start importing Assets/Scenes/SampleScene.unity using Guid(9fc0d4010bbf28b4594072e72b8655ab) Importer(815301076,1909f56bfc062723c751e8b465ee728b)  -> (artifact id: '6c65d90a9cbfb8047872b17b8903f2d8') in 0.012655 seconds
  Import took 0.020503 seconds .

========================================================================
Received Prepare
Registering precompiled user dll's ...
Registered in 0.001741 seconds.
Begin MonoManager ReloadAssembly
Native extension for WindowsStandalone target not found
Refreshing native plugins compatible for Editor in 1.01 ms, found 3 plugins.
Preloading 0 native plugins for Editor in 0.00 ms.
Invoked RoslynAnalysisRunner static constructor.
RoslynAnalysisRunner will not be running.
RoslynAnalysisRunner has terminated.
Mono: successfully reloaded assembly
- Completed reload, in  2.475 seconds
Platform modules already initialized, skipping
Refreshing native plugins compatible for Editor in 0.94 ms, found 3 plugins.
Preloading 0 native plugins for Editor in 0.00 ms.
Unloading 1929 Unused Serialized files (Serialized files now loaded: 0)
System memory in use before: 104.2 MB.
System memory in use after: 104.3 MB.

Unloading 12 unused Assets to reduce memory usage. Loaded Objects now: 2501.
Total: 4.175000 ms (FindLiveObjects: 0.395100 ms CreateObjectMapping: 0.587000 ms MarkObjects: 3.166700 ms  DeleteObjects: 0.024700 ms)

========================================================================
Received Prepare
Registering precompiled user dll's ...
Registered in 0.001653 seconds.
Begin MonoManager ReloadAssembly
Native extension for WindowsStandalone target not found
Refreshing native plugins compatible for Editor in 1.54 ms, found 3 plugins.
Preloading 0 native plugins for Editor in 0.00 ms.
Invoked RoslynAnalysisRunner static constructor.
RoslynAnalysisRunner will not be running.
RoslynAnalysisRunner has terminated.
Mono: successfully reloaded assembly
- Completed reload, in  1.226 seconds
Platform modules already initialized, skipping
Refreshing native plugins compatible for Editor in 0.59 ms, found 3 plugins.
Preloading 0 native plugins for Editor in 0.00 ms.
Unloading 1929 Unused Serialized files (Serialized files now loaded: 0)
System memory in use before: 104.2 MB.
System memory in use after: 104.3 MB.

Unloading 12 unused Assets to reduce memory usage. Loaded Objects now: 2504.
Total: 3.046900 ms (FindLiveObjects: 0.236500 ms CreateObjectMapping: 0.087500 ms MarkObjects: 2.699100 ms  DeleteObjects: 0.022300 ms)

========================================================================
Received Import Request.
  Time since last request: 159.746261 seconds.
  path: Assets/Scripts/UI/TitleScreen/ExitButtonScript.cs
  artifactKey: Guid(e6c112cdd757de0498f710b72a34855d) Importer(815301076,1909f56bfc062723c751e8b465ee728b)
Start importing Assets/Scripts/UI/TitleScreen/ExitButtonScript.cs using Guid(e6c112cdd757de0498f710b72a34855d) Importer(815301076,1909f56bfc062723c751e8b465ee728b)  -> (artifact id: '417e44e9482c42942defae543545d1db') in 0.012429 seconds
  Import took 0.032052 seconds .

========================================================================
Received Prepare
Registering precompiled user dll's ...
Registered in 0.001975 seconds.
Begin MonoManager ReloadAssembly
Native extension for WindowsStandalone target not found
Refreshing native plugins compatible for Editor in 0.51 ms, found 3 plugins.
Preloading 0 native plugins for Editor in 0.00 ms.
Invoked RoslynAnalysisRunner static constructor.
RoslynAnalysisRunner will not be running.
RoslynAnalysisRunner has terminated.
Mono: successfully reloaded assembly
- Completed reload, in  1.081 seconds
Platform modules already initialized, skipping
Refreshing native plugins compatible for Editor in 0.77 ms, found 3 plugins.
Preloading 0 native plugins for Editor in 0.00 ms.
Unloading 1928 Unused Serialized files (Serialized files now loaded: 0)
System memory in use before: 104.2 MB.
System memory in use after: 104.3 MB.

Unloading 12 unused Assets to reduce memory usage. Loaded Objects now: 2507.
Total: 3.411800 ms (FindLiveObjects: 0.427900 ms CreateObjectMapping: 0.108200 ms MarkObjects: 2.769000 ms  DeleteObjects: 0.102200 ms)

========================================================================
Received Import Request.
  Time since last request: 14.711225 seconds.
  path: Assets/Scripts/UI/TitleScreen/TitleButtonScript.cs
  artifactKey: Guid(e6c112cdd757de0498f710b72a34855d) Importer(815301076,1909f56bfc062723c751e8b465ee728b)
Start importing Assets/Scripts/UI/TitleScreen/TitleButtonScript.cs using Guid(e6c112cdd757de0498f710b72a34855d) Importer(815301076,1909f56bfc062723c751e8b465ee728b)  -> (artifact id: '9b0ba9142719ef2fb4c1be8ad0df7b1e') in 0.025744 seconds
  Import took 0.043112 seconds .

========================================================================
Received Prepare
Registering precompiled user dll's ...
Registered in 0.001330 seconds.
Begin MonoManager ReloadAssembly
Native extension for WindowsStandalone target not found
Refreshing native plugins compatible for Editor in 0.63 ms, found 3 plugins.
Preloading 0 native plugins for Editor in 0.00 ms.
Invoked RoslynAnalysisRunner static constructor.
RoslynAnalysisRunner will not be running.
RoslynAnalysisRunner has terminated.
Mono: successfully reloaded assembly
- Completed reload, in  1.266 seconds
Platform modules already initialized, skipping
Refreshing native plugins compatible for Editor in 0.44 ms, found 3 plugins.
Preloading 0 native plugins for Editor in 0.00 ms.
Unloading 1928 Unused Serialized files (Serialized files now loaded: 0)
System memory in use before: 104.2 MB.
System memory in use after: 104.3 MB.

Unloading 12 unused Assets to reduce memory usage. Loaded Objects now: 2510.
Total: 3.078800 ms (FindLiveObjects: 0.470800 ms CreateObjectMapping: 0.098600 ms MarkObjects: 2.489900 ms  DeleteObjects: 0.018200 ms)

========================================================================
Received Prepare
Registering precompiled user dll's ...
Registered in 0.001182 seconds.
Begin MonoManager ReloadAssembly
Native extension for WindowsStandalone target not found
Refreshing native plugins compatible for Editor in 0.38 ms, found 3 plugins.
Preloading 0 native plugins for Editor in 0.00 ms.
Invoked RoslynAnalysisRunner static constructor.
RoslynAnalysisRunner will not be running.
RoslynAnalysisRunner has terminated.
Mono: successfully reloaded assembly
- Completed reload, in  1.020 seconds
Platform modules already initialized, skipping
Refreshing native plugins compatible for Editor in 0.38 ms, found 3 plugins.
Preloading 0 native plugins for Editor in 0.00 ms.
Unloading 1929 Unused Serialized files (Serialized files now loaded: 0)
System memory in use before: 104.2 MB.
System memory in use after: 104.3 MB.

Unloading 12 unused Assets to reduce memory usage. Loaded Objects now: 2514.
Total: 2.767000 ms (FindLiveObjects: 0.255000 ms CreateObjectMapping: 0.094200 ms MarkObjects: 2.398800 ms  DeleteObjects: 0.017900 ms)

========================================================================
Received Import Request.
  Time since last request: 87.305095 seconds.
  path: Assets/Scripts/UI/TitleScreen/ExitButtonScript.cs
  artifactKey: Guid(5e29566b2fa72c94db1eb84fe49e6d60) Importer(815301076,1909f56bfc062723c751e8b465ee728b)
Start importing Assets/Scripts/UI/TitleScreen/ExitButtonScript.cs using Guid(5e29566b2fa72c94db1eb84fe49e6d60) Importer(815301076,1909f56bfc062723c751e8b465ee728b)  -> (artifact id: '916f34c7a270a2ac41c5a3496109ae35') in 0.009643 seconds
  Import took 0.035015 seconds .

========================================================================
Received Import Request.
  Time since last request: 1.232748 seconds.
  path: Assets/Scripts/UI/TitleScreen/TitleButtonScript.cs
  artifactKey: Guid(e6c112cdd757de0498f710b72a34855d) Importer(815301076,1909f56bfc062723c751e8b465ee728b)
Start importing Assets/Scripts/UI/TitleScreen/TitleButtonScript.cs using Guid(e6c112cdd757de0498f710b72a34855d) Importer(815301076,1909f56bfc062723c751e8b465ee728b)  -> (artifact id: '4b5c374f7aca9644433ce7e7b9c09f97') in 0.003513 seconds
  Import took 0.010258 seconds .

========================================================================
Received Import Request.
  Time since last request: 0.002145 seconds.
  path: Assets/Scripts/UI/TitleScreen/TitleButtonScript.cs
  artifactKey: Guid(e6c112cdd757de0498f710b72a34855d) Importer(815301076,1909f56bfc062723c751e8b465ee728b)
Start importing Assets/Scripts/UI/TitleScreen/TitleButtonScript.cs using Guid(e6c112cdd757de0498f710b72a34855d) Importer(815301076,1909f56bfc062723c751e8b465ee728b)  -> (artifact id: '4b5c374f7aca9644433ce7e7b9c09f97') in 0.003407 seconds
  Import took 0.008851 seconds .

========================================================================
Received Prepare
Registering precompiled user dll's ...
Registered in 0.001525 seconds.
Begin MonoManager ReloadAssembly
Native extension for WindowsStandalone target not found
Refreshing native plugins compatible for Editor in 0.37 ms, found 3 plugins.
Preloading 0 native plugins for Editor in 0.00 ms.
Invoked RoslynAnalysisRunner static constructor.
RoslynAnalysisRunner will not be running.
RoslynAnalysisRunner has terminated.
Mono: successfully reloaded assembly
- Completed reload, in  1.188 seconds
Platform modules already initialized, skipping
Refreshing native plugins compatible for Editor in 0.38 ms, found 3 plugins.
Preloading 0 native plugins for Editor in 0.00 ms.
Unloading 1928 Unused Serialized files (Serialized files now loaded: 0)
System memory in use before: 104.2 MB.
System memory in use after: 104.3 MB.

Unloading 12 unused Assets to reduce memory usage. Loaded Objects now: 2517.
Total: 3.532400 ms (FindLiveObjects: 0.253500 ms CreateObjectMapping: 0.086800 ms MarkObjects: 3.167100 ms  DeleteObjects: 0.023900 ms)

========================================================================
Received Prepare
Registering precompiled user dll's ...
Registered in 0.001365 seconds.
Begin MonoManager ReloadAssembly
Native extension for WindowsStandalone target not found
Refreshing native plugins compatible for Editor in 0.57 ms, found 3 plugins.
Preloading 0 native plugins for Editor in 0.00 ms.
Invoked RoslynAnalysisRunner static constructor.
RoslynAnalysisRunner will not be running.
RoslynAnalysisRunner has terminated.
Mono: successfully reloaded assembly
- Completed reload, in  0.990 seconds
Platform modules already initialized, skipping
Refreshing native plugins compatible for Editor in 0.42 ms, found 3 plugins.
Preloading 0 native plugins for Editor in 0.00 ms.
Unloading 1928 Unused Serialized files (Serialized files now loaded: 0)
System memory in use before: 104.2 MB.
System memory in use after: 104.3 MB.

Unloading 12 unused Assets to reduce memory usage. Loaded Objects now: 2520.
Total: 2.626900 ms (FindLiveObjects: 0.350100 ms CreateObjectMapping: 0.134800 ms MarkObjects: 2.119000 ms  DeleteObjects: 0.021300 ms)

========================================================================
Received Prepare
Refreshing native plugins compatible for Editor in 2.54 ms, found 3 plugins.
Preloading 0 native plugins for Editor in 0.00 ms.
Unloading 10 Unused Serialized files (Serialized files now loaded: 0)
System memory in use before: 66.2 MB.
System memory in use after: 66.3 MB.

Unloading 9 unused Assets to reduce memory usage. Loaded Objects now: 2520.
Total: 2.528600 ms (FindLiveObjects: 0.213500 ms CreateObjectMapping: 0.069600 ms MarkObjects: 2.153700 ms  DeleteObjects: 0.090100 ms)

========================================================================
Received Prepare
Refreshing native plugins compatible for Editor in 7.74 ms, found 3 plugins.
Preloading 0 native plugins for Editor in 0.00 ms.
Unloading 10 Unused Serialized files (Serialized files now loaded: 0)
System memory in use before: 66.4 MB.
System memory in use after: 66.5 MB.

Unloading 9 unused Assets to reduce memory usage. Loaded Objects now: 2520.
Total: 19.117800 ms (FindLiveObjects: 8.578600 ms CreateObjectMapping: 0.270700 ms MarkObjects: 10.208100 ms  DeleteObjects: 0.057200 ms)

========================================================================
Received Prepare
Refreshing native plugins compatible for Editor in 3.48 ms, found 3 plugins.
Preloading 0 native plugins for Editor in 0.00 ms.
Unloading 10 Unused Serialized files (Serialized files now loaded: 0)
System memory in use before: 66.4 MB.
System memory in use after: 66.5 MB.

Unloading 9 unused Assets to reduce memory usage. Loaded Objects now: 2520.
Total: 3.128400 ms (FindLiveObjects: 0.292100 ms CreateObjectMapping: 0.096700 ms MarkObjects: 2.717600 ms  DeleteObjects: 0.020200 ms)

========================================================================
Received Prepare
Refreshing native plugins compatible for Editor in 2.65 ms, found 3 plugins.
Preloading 0 native plugins for Editor in 0.00 ms.
Unloading 10 Unused Serialized files (Serialized files now loaded: 0)
System memory in use before: 66.4 MB.
System memory in use after: 66.5 MB.

Unloading 9 unused Assets to reduce memory usage. Loaded Objects now: 2520.
Total: 8.010900 ms (FindLiveObjects: 0.477100 ms CreateObjectMapping: 0.157200 ms MarkObjects: 7.343200 ms  DeleteObjects: 0.031000 ms)

========================================================================
Received Prepare
Registering precompiled user dll's ...
Registered in 0.001439 seconds.
Begin MonoManager ReloadAssembly
Native extension for WindowsStandalone target not found
Refreshing native plugins compatible for Editor in 1.04 ms, found 3 plugins.
Preloading 0 native plugins for Editor in 0.00 ms.
Invoked RoslynAnalysisRunner static constructor.
RoslynAnalysisRunner will not be running.
RoslynAnalysisRunner has terminated.
Mono: successfully reloaded assembly
- Completed reload, in  2.664 seconds
Platform modules already initialized, skipping
Refreshing native plugins compatible for Editor in 0.74 ms, found 3 plugins.
Preloading 0 native plugins for Editor in 0.00 ms.
Unloading 1928 Unused Serialized files (Serialized files now loaded: 0)
System memory in use before: 104.4 MB.
System memory in use after: 104.5 MB.

Unloading 12 unused Assets to reduce memory usage. Loaded Objects now: 2523.
Total: 4.837500 ms (FindLiveObjects: 0.332400 ms CreateObjectMapping: 0.120300 ms MarkObjects: 4.355700 ms  DeleteObjects: 0.027100 ms)

========================================================================
Received Prepare
Registering precompiled user dll's ...
Registered in 0.003582 seconds.
Begin MonoManager ReloadAssembly
Native extension for WindowsStandalone target not found
Refreshing native plugins compatible for Editor in 0.96 ms, found 3 plugins.
Preloading 0 native plugins for Editor in 0.00 ms.
Invoked RoslynAnalysisRunner static constructor.
RoslynAnalysisRunner will not be running.
RoslynAnalysisRunner has terminated.
Mono: successfully reloaded assembly
- Completed reload, in  2.763 seconds
Platform modules already initialized, skipping
Refreshing native plugins compatible for Editor in 0.73 ms, found 3 plugins.
Preloading 0 native plugins for Editor in 0.00 ms.
Unloading 1928 Unused Serialized files (Serialized files now loaded: 0)
System memory in use before: 104.4 MB.
System memory in use after: 104.5 MB.

Unloading 12 unused Assets to reduce memory usage. Loaded Objects now: 2526.
Total: 5.914700 ms (FindLiveObjects: 0.535000 ms CreateObjectMapping: 0.798100 ms MarkObjects: 4.281000 ms  DeleteObjects: 0.298500 ms)

========================================================================
Received Import Request.
  Time since last request: 977.542471 seconds.
  path: Assets/Scenes/battleSceneTest.unity
  artifactKey: Guid(0fe2a4761e086d24ababd84f53330d56) Importer(815301076,1909f56bfc062723c751e8b465ee728b)
Start importing Assets/Scenes/battleSceneTest.unity using Guid(0fe2a4761e086d24ababd84f53330d56) Importer(815301076,1909f56bfc062723c751e8b465ee728b)  -> (artifact id: '29164423561aa4390b04025e3fd06a8e') in 0.021410 seconds
  Import took 0.026883 seconds .

========================================================================
Received Prepare
Registering precompiled user dll's ...
Registered in 0.001547 seconds.
Begin MonoManager ReloadAssembly
Native extension for WindowsStandalone target not found
Refreshing native plugins compatible for Editor in 0.44 ms, found 3 plugins.
Preloading 0 native plugins for Editor in 0.00 ms.
Invoked RoslynAnalysisRunner static constructor.
RoslynAnalysisRunner will not be running.
RoslynAnalysisRunner has terminated.
Mono: successfully reloaded assembly
- Completed reload, in  1.179 seconds
Platform modules already initialized, skipping
Refreshing native plugins compatible for Editor in 0.53 ms, found 3 plugins.
Preloading 0 native plugins for Editor in 0.00 ms.
Unloading 1928 Unused Serialized files (Serialized files now loaded: 0)
System memory in use before: 104.4 MB.
System memory in use after: 104.5 MB.

Unloading 12 unused Assets to reduce memory usage. Loaded Objects now: 2529.
Total: 4.607300 ms (FindLiveObjects: 0.448000 ms CreateObjectMapping: 0.122700 ms MarkObjects: 4.010300 ms  DeleteObjects: 0.024700 ms)

========================================================================
Received Prepare
Registering precompiled user dll's ...
Registered in 0.001756 seconds.
Begin MonoManager ReloadAssembly
Native extension for WindowsStandalone target not found
Refreshing native plugins compatible for Editor in 0.44 ms, found 3 plugins.
Preloading 0 native plugins for Editor in 0.00 ms.
Invoked RoslynAnalysisRunner static constructor.
RoslynAnalysisRunner will not be running.
RoslynAnalysisRunner has terminated.
Mono: successfully reloaded assembly
- Completed reload, in  1.027 seconds
Platform modules already initialized, skipping
Refreshing native plugins compatible for Editor in 0.45 ms, found 3 plugins.
Preloading 0 native plugins for Editor in 0.00 ms.
Unloading 1928 Unused Serialized files (Serialized files now loaded: 0)
System memory in use before: 104.4 MB.
System memory in use after: 104.6 MB.

Unloading 12 unused Assets to reduce memory usage. Loaded Objects now: 2532.
Total: 3.054800 ms (FindLiveObjects: 0.432700 ms CreateObjectMapping: 0.188300 ms MarkObjects: 2.408200 ms  DeleteObjects: 0.023800 ms)

========================================================================
Received Prepare
Registering precompiled user dll's ...
Registered in 0.001188 seconds.
Begin MonoManager ReloadAssembly
Native extension for WindowsStandalone target not found
Refreshing native plugins compatible for Editor in 0.82 ms, found 3 plugins.
Preloading 0 native plugins for Editor in 0.00 ms.
Invoked RoslynAnalysisRunner static constructor.
RoslynAnalysisRunner will not be running.
RoslynAnalysisRunner has terminated.
Mono: successfully reloaded assembly
- Completed reload, in  1.201 seconds
Platform modules already initialized, skipping
Refreshing native plugins compatible for Editor in 0.42 ms, found 3 plugins.
Preloading 0 native plugins for Editor in 0.00 ms.
Unloading 1928 Unused Serialized files (Serialized files now loaded: 0)
System memory in use before: 104.5 MB.
System memory in use after: 104.6 MB.

Unloading 12 unused Assets to reduce memory usage. Loaded Objects now: 2535.
Total: 2.987100 ms (FindLiveObjects: 0.389000 ms CreateObjectMapping: 0.125500 ms MarkObjects: 2.449000 ms  DeleteObjects: 0.021800 ms)

========================================================================
Received Prepare
Refreshing native plugins compatible for Editor in 2.78 ms, found 3 plugins.
Preloading 0 native plugins for Editor in 0.00 ms.
Unloading 10 Unused Serialized files (Serialized files now loaded: 0)
System memory in use before: 66.5 MB.
System memory in use after: 66.6 MB.

Unloading 9 unused Assets to reduce memory usage. Loaded Objects now: 2535.
Total: 2.154100 ms (FindLiveObjects: 0.238000 ms CreateObjectMapping: 0.085900 ms MarkObjects: 1.814600 ms  DeleteObjects: 0.014600 ms)

========================================================================
Received Prepare
Registering precompiled user dll's ...
Registered in 0.008394 seconds.
Begin MonoManager ReloadAssembly
Native extension for WindowsStandalone target not found
Refreshing native plugins compatible for Editor in 0.37 ms, found 3 plugins.
Preloading 0 native plugins for Editor in 0.00 ms.
Invoked RoslynAnalysisRunner static constructor.
RoslynAnalysisRunner will not be running.
RoslynAnalysisRunner has terminated.
Mono: successfully reloaded assembly
- Completed reload, in  1.533 seconds
Platform modules already initialized, skipping
Refreshing native plugins compatible for Editor in 0.45 ms, found 3 plugins.
Preloading 0 native plugins for Editor in 0.00 ms.
Unloading 1928 Unused Serialized files (Serialized files now loaded: 0)
System memory in use before: 104.5 MB.
System memory in use after: 104.6 MB.

Unloading 12 unused Assets to reduce memory usage. Loaded Objects now: 2538.
Total: 2.135300 ms (FindLiveObjects: 0.224300 ms CreateObjectMapping: 0.073500 ms MarkObjects: 1.817200 ms  DeleteObjects: 0.019100 ms)

========================================================================
Received Prepare
Registering precompiled user dll's ...
Registered in 0.012896 seconds.
Begin MonoManager ReloadAssembly
Native extension for WindowsStandalone target not found
Refreshing native plugins compatible for Editor in 0.37 ms, found 3 plugins.
Preloading 0 native plugins for Editor in 0.00 ms.
Invoked RoslynAnalysisRunner static constructor.
RoslynAnalysisRunner will not be running.
RoslynAnalysisRunner has terminated.
Mono: successfully reloaded assembly
- Completed reload, in  1.260 seconds
Platform modules already initialized, skipping
Refreshing native plugins compatible for Editor in 0.38 ms, found 3 plugins.
Preloading 0 native plugins for Editor in 0.00 ms.
Unloading 1928 Unused Serialized files (Serialized files now loaded: 0)
System memory in use before: 104.5 MB.
System memory in use after: 104.6 MB.

Unloading 12 unused Assets to reduce memory usage. Loaded Objects now: 2541.
Total: 3.537200 ms (FindLiveObjects: 0.331700 ms CreateObjectMapping: 0.190400 ms MarkObjects: 2.995000 ms  DeleteObjects: 0.018800 ms)

========================================================================
Received Import Request.
  Time since last request: 377.756514 seconds.
  path: Assets/AddressableAssetsData/AssetGroups/Built In Data.asset
  artifactKey: Guid(c77599d3477ecc546a2b2a8513eb9de3) Importer(815301076,1909f56bfc062723c751e8b465ee728b)
Start importing Assets/AddressableAssetsData/AssetGroups/Built In Data.asset using Guid(c77599d3477ecc546a2b2a8513eb9de3) Importer(815301076,1909f56bfc062723c751e8b465ee728b)  -> (artifact id: 'd7354934c04e7b81c038ecef8d2cb41e') in 0.058007 seconds
  Import took 0.092250 seconds .

========================================================================
Received Import Request.
  Time since last request: 0.000202 seconds.
  path: Assets/AddressableAssetsData/AssetGroups/Default Local Group.asset
  artifactKey: Guid(4dc2b105c1cac3f4985227524ebb7f9c) Importer(815301076,1909f56bfc062723c751e8b465ee728b)
Start importing Assets/AddressableAssetsData/AssetGroups/Default Local Group.asset using Guid(4dc2b105c1cac3f4985227524ebb7f9c) Importer(815301076,1909f56bfc062723c751e8b465ee728b)  -> (artifact id: 'f2e7d44a66b21da82a5fe665fedb16a8') in 0.071304 seconds
  Import took 0.075874 seconds .

========================================================================
Received Prepare
Refreshing native plugins compatible for Editor in 3.35 ms, found 3 plugins.
Preloading 0 native plugins for Editor in 0.00 ms.
Unloading 10 Unused Serialized files (Serialized files now loaded: 0)
System memory in use before: 66.5 MB.
System memory in use after: 66.6 MB.

Unloading 9 unused Assets to reduce memory usage. Loaded Objects now: 2541.
Total: 3.295100 ms (FindLiveObjects: 0.310500 ms CreateObjectMapping: 0.107300 ms MarkObjects: 2.858500 ms  DeleteObjects: 0.017400 ms)

========================================================================
Received Prepare
Registering precompiled user dll's ...
Registered in 0.003939 seconds.
Begin MonoManager ReloadAssembly
Native extension for WindowsStandalone target not found
Refreshing native plugins compatible for Editor in 0.82 ms, found 3 plugins.
Preloading 0 native plugins for Editor in 0.00 ms.
Invoked RoslynAnalysisRunner static constructor.
RoslynAnalysisRunner will not be running.
RoslynAnalysisRunner has terminated.
Mono: successfully reloaded assembly
- Completed reload, in  3.178 seconds
Platform modules already initialized, skipping
Refreshing native plugins compatible for Editor in 0.53 ms, found 3 plugins.
Preloading 0 native plugins for Editor in 0.00 ms.
Unloading 1928 Unused Serialized files (Serialized files now loaded: 0)
System memory in use before: 104.5 MB.
System memory in use after: 104.6 MB.

Unloading 12 unused Assets to reduce memory usage. Loaded Objects now: 2544.
Total: 2.414400 ms (FindLiveObjects: 0.244300 ms CreateObjectMapping: 0.076900 ms MarkObjects: 2.070100 ms  DeleteObjects: 0.021500 ms)

========================================================================
Received Prepare
Refreshing native plugins compatible for Editor in 2.79 ms, found 3 plugins.
Preloading 0 native plugins for Editor in 0.00 ms.
Unloading 10 Unused Serialized files (Serialized files now loaded: 0)
System memory in use before: 66.5 MB.
System memory in use after: 66.6 MB.

Unloading 9 unused Assets to reduce memory usage. Loaded Objects now: 2544.
Total: 5.211700 ms (FindLiveObjects: 0.330100 ms CreateObjectMapping: 0.173000 ms MarkObjects: 4.687100 ms  DeleteObjects: 0.020200 ms)

========================================================================
Received Import Request.
  Time since last request: 289.555394 seconds.
  path: Assets/MonsterPrefabs/Boximon_Fire/Boximon Fiery.prefab
  artifactKey: Guid(128a80094e00bf34fa2555766a7eea0e) Importer(815301076,1909f56bfc062723c751e8b465ee728b)
Start importing Assets/MonsterPrefabs/Boximon_Fire/Boximon Fiery.prefab using Guid(128a80094e00bf34fa2555766a7eea0e) Importer(815301076,1909f56bfc062723c751e8b465ee728b)  -> (artifact id: '547d32e133efc90fb093bb0de98e8012') in 0.231085 seconds
  Import took 0.269107 seconds .

========================================================================
Received Prepare
Registering precompiled user dll's ...
Registered in 0.001592 seconds.
Begin MonoManager ReloadAssembly
Native extension for WindowsStandalone target not found
Refreshing native plugins compatible for Editor in 0.80 ms, found 3 plugins.
Preloading 0 native plugins for Editor in 0.00 ms.
Invoked RoslynAnalysisRunner static constructor.
RoslynAnalysisRunner will not be running.
RoslynAnalysisRunner has terminated.
Mono: successfully reloaded assembly
- Completed reload, in  1.158 seconds
Platform modules already initialized, skipping
Refreshing native plugins compatible for Editor in 0.95 ms, found 3 plugins.
Preloading 0 native plugins for Editor in 0.00 ms.
Unloading 1928 Unused Serialized files (Serialized files now loaded: 0)
System memory in use before: 104.5 MB.
System memory in use after: 104.6 MB.

Unloading 12 unused Assets to reduce memory usage. Loaded Objects now: 2548.
Total: 2.652600 ms (FindLiveObjects: 0.318300 ms CreateObjectMapping: 0.099500 ms MarkObjects: 2.213900 ms  DeleteObjects: 0.019200 ms)

========================================================================
Received Prepare
Refreshing native plugins compatible for Editor in 2.67 ms, found 3 plugins.
Preloading 0 native plugins for Editor in 0.00 ms.
Unloading 10 Unused Serialized files (Serialized files now loaded: 0)
System memory in use before: 66.5 MB.
System memory in use after: 66.7 MB.

Unloading 9 unused Assets to reduce memory usage. Loaded Objects now: 2548.
Total: 3.930600 ms (FindLiveObjects: 0.209000 ms CreateObjectMapping: 0.073900 ms MarkObjects: 3.593300 ms  DeleteObjects: 0.053000 ms)

========================================================================
Received Import Request.
  Time since last request: 116.543496 seconds.
  path: Assets/AddressableAssetsData/AssetGroups/Default Local Group.asset
  artifactKey: Guid(4dc2b105c1cac3f4985227524ebb7f9c) Importer(815301076,1909f56bfc062723c751e8b465ee728b)
Start importing Assets/AddressableAssetsData/AssetGroups/Default Local Group.asset using Guid(4dc2b105c1cac3f4985227524ebb7f9c) Importer(815301076,1909f56bfc062723c751e8b465ee728b)  -> (artifact id: 'e9871c7f5de1e63bf3e335292ed5553c') in 0.031648 seconds
  Import took 0.098473 seconds .

========================================================================
Received Import Request.
  Time since last request: 0.000206 seconds.
  path: Assets/AddressableAssetsData/AssetGroups/Packed Assets.asset
  artifactKey: Guid(11f9057683c20a940ab9c2a119ab0676) Importer(815301076,1909f56bfc062723c751e8b465ee728b)
Start importing Assets/AddressableAssetsData/AssetGroups/Packed Assets.asset using Guid(11f9057683c20a940ab9c2a119ab0676) Importer(815301076,1909f56bfc062723c751e8b465ee728b)  -> (artifact id: '8f5b9c5bdc36355136ee9dfb78fa0ca1') in 0.036595 seconds
  Import took 0.089664 seconds .

========================================================================
Received Prepare
Refreshing native plugins compatible for Editor in 3.17 ms, found 3 plugins.
Preloading 0 native plugins for Editor in 0.00 ms.
Unloading 10 Unused Serialized files (Serialized files now loaded: 0)
System memory in use before: 66.6 MB.
System memory in use after: 66.7 MB.

Unloading 9 unused Assets to reduce memory usage. Loaded Objects now: 2548.
Total: 4.640700 ms (FindLiveObjects: 0.397800 ms CreateObjectMapping: 0.137900 ms MarkObjects: 4.076100 ms  DeleteObjects: 0.027200 ms)

========================================================================
Received Prepare
Refreshing native plugins compatible for Editor in 3.27 ms, found 3 plugins.
Preloading 0 native plugins for Editor in 0.00 ms.
Unloading 10 Unused Serialized files (Serialized files now loaded: 0)
System memory in use before: 66.6 MB.
System memory in use after: 66.7 MB.

Unloading 9 unused Assets to reduce memory usage. Loaded Objects now: 2548.
Total: 5.147400 ms (FindLiveObjects: 0.314700 ms CreateObjectMapping: 0.115200 ms MarkObjects: 4.687000 ms  DeleteObjects: 0.028100 ms)

========================================================================
Received Prepare
Registering precompiled user dll's ...
Registered in 0.002830 seconds.
Begin MonoManager ReloadAssembly
Native extension for WindowsStandalone target not found
Refreshing native plugins compatible for Editor in 0.49 ms, found 3 plugins.
Preloading 0 native plugins for Editor in 0.00 ms.
Invoked RoslynAnalysisRunner static constructor.
RoslynAnalysisRunner will not be running.
RoslynAnalysisRunner has terminated.
Mono: successfully reloaded assembly
- Completed reload, in  1.212 seconds
Platform modules already initialized, skipping
Refreshing native plugins compatible for Editor in 0.52 ms, found 3 plugins.
Preloading 0 native plugins for Editor in 0.00 ms.
Unloading 1928 Unused Serialized files (Serialized files now loaded: 0)
System memory in use before: 104.5 MB.
System memory in use after: 104.6 MB.

Unloading 12 unused Assets to reduce memory usage. Loaded Objects now: 2551.
Total: 2.540300 ms (FindLiveObjects: 0.257100 ms CreateObjectMapping: 0.084400 ms MarkObjects: 2.177700 ms  DeleteObjects: 0.019900 ms)

========================================================================
Received Prepare
Registering precompiled user dll's ...
Registered in 0.001345 seconds.
Begin MonoManager ReloadAssembly
Native extension for WindowsStandalone target not found
Refreshing native plugins compatible for Editor in 0.71 ms, found 3 plugins.
Preloading 0 native plugins for Editor in 0.00 ms.
Invoked RoslynAnalysisRunner static constructor.
RoslynAnalysisRunner will not be running.
RoslynAnalysisRunner has terminated.
Mono: successfully reloaded assembly
- Completed reload, in  1.053 seconds
Platform modules already initialized, skipping
Refreshing native plugins compatible for Editor in 0.51 ms, found 3 plugins.
Preloading 0 native plugins for Editor in 0.00 ms.
Unloading 1928 Unused Serialized files (Serialized files now loaded: 0)
System memory in use before: 104.5 MB.
System memory in use after: 104.6 MB.

Unloading 12 unused Assets to reduce memory usage. Loaded Objects now: 2554.
Total: 2.851000 ms (FindLiveObjects: 0.371300 ms CreateObjectMapping: 0.098600 ms MarkObjects: 2.361700 ms  DeleteObjects: 0.018000 ms)

========================================================================
Received Prepare
Registering precompiled user dll's ...
Registered in 0.001260 seconds.
Begin MonoManager ReloadAssembly
Native extension for WindowsStandalone target not found
Refreshing native plugins compatible for Editor in 0.54 ms, found 3 plugins.
Preloading 0 native plugins for Editor in 0.00 ms.
Invoked RoslynAnalysisRunner static constructor.
RoslynAnalysisRunner will not be running.
RoslynAnalysisRunner has terminated.
Mono: successfully reloaded assembly
- Completed reload, in  1.465 seconds
Platform modules already initialized, skipping
Refreshing native plugins compatible for Editor in 0.55 ms, found 3 plugins.
Preloading 0 native plugins for Editor in 0.00 ms.
Unloading 1928 Unused Serialized files (Serialized files now loaded: 0)
System memory in use before: 104.5 MB.
System memory in use after: 104.7 MB.

Unloading 12 unused Assets to reduce memory usage. Loaded Objects now: 2557.
Total: 2.470400 ms (FindLiveObjects: 0.294500 ms CreateObjectMapping: 0.102800 ms MarkObjects: 2.053200 ms  DeleteObjects: 0.018600 ms)

========================================================================
Received Prepare
Registering precompiled user dll's ...
Registered in 0.001595 seconds.
Begin MonoManager ReloadAssembly
Native extension for WindowsStandalone target not found
Refreshing native plugins compatible for Editor in 0.37 ms, found 3 plugins.
Preloading 0 native plugins for Editor in 0.00 ms.
Invoked RoslynAnalysisRunner static constructor.
RoslynAnalysisRunner will not be running.
RoslynAnalysisRunner has terminated.
Mono: successfully reloaded assembly
- Completed reload, in  1.129 seconds
Platform modules already initialized, skipping
Refreshing native plugins compatible for Editor in 0.60 ms, found 3 plugins.
Preloading 0 native plugins for Editor in 0.00 ms.
Unloading 1928 Unused Serialized files (Serialized files now loaded: 0)
System memory in use before: 104.6 MB.
System memory in use after: 104.7 MB.

Unloading 12 unused Assets to reduce memory usage. Loaded Objects now: 2560.
Total: 2.822400 ms (FindLiveObjects: 0.325500 ms CreateObjectMapping: 0.090100 ms MarkObjects: 2.374400 ms  DeleteObjects: 0.030500 ms)

========================================================================
Received Import Request.
  Time since last request: 871.721347 seconds.
  path: Assets/AddressableAssetsData/AddressableAssetSettings.asset
  artifactKey: Guid(b8566679ae484e74ebf4a11db92a76f2) Importer(815301076,1909f56bfc062723c751e8b465ee728b)
Start importing Assets/AddressableAssetsData/AddressableAssetSettings.asset using Guid(b8566679ae484e74ebf4a11db92a76f2) Importer(815301076,1909f56bfc062723c751e8b465ee728b)  -> (artifact id: 'a6d921c96f412a1590314cd3a2a0008b') in 0.043547 seconds
  Import took 0.063252 seconds .

========================================================================
Received Import Request.
  Time since last request: 0.002834 seconds.
  path: Assets/AddressableAssetsData/AddressableAssetSettings.asset
  artifactKey: Guid(b8566679ae484e74ebf4a11db92a76f2) Importer(815301076,1909f56bfc062723c751e8b465ee728b)
Start importing Assets/AddressableAssetsData/AddressableAssetSettings.asset using Guid(b8566679ae484e74ebf4a11db92a76f2) Importer(815301076,1909f56bfc062723c751e8b465ee728b)  -> (artifact id: 'a6d921c96f412a1590314cd3a2a0008b') in 0.018394 seconds
  Import took 0.022788 seconds .

========================================================================
Received Import Request.
  Time since last request: 59.817508 seconds.
  path: Assets/AddressableAssetsData/AssetGroups/Built In Data.asset
  artifactKey: Guid(c77599d3477ecc546a2b2a8513eb9de3) Importer(815301076,1909f56bfc062723c751e8b465ee728b)
Start importing Assets/AddressableAssetsData/AssetGroups/Built In Data.asset using Guid(c77599d3477ecc546a2b2a8513eb9de3) Importer(815301076,1909f56bfc062723c751e8b465ee728b)  -> (artifact id: '9575051730914b23bd0608280af32704') in 0.011035 seconds
  Import took 0.028070 seconds .

========================================================================
Received Import Request.
  Time since last request: 0.000211 seconds.
  path: Assets/AddressableAssetsData/AssetGroups/interface.asset
  artifactKey: Guid(27f06bafb77773c439c7591632918c6b) Importer(815301076,1909f56bfc062723c751e8b465ee728b)
Start importing Assets/AddressableAssetsData/AssetGroups/interface.asset using Guid(27f06bafb77773c439c7591632918c6b) Importer(815301076,1909f56bfc062723c751e8b465ee728b)  -> (artifact id: 'e5508027f260d6bc152547df2fc039a6') in 0.022341 seconds
  Import took 0.028019 seconds .

========================================================================
Received Import Request.
  Time since last request: 0.000717 seconds.
  path: Assets/AddressableAssetsData/AssetGroups/Default Local Group.asset
  artifactKey: Guid(4dc2b105c1cac3f4985227524ebb7f9c) Importer(815301076,1909f56bfc062723c751e8b465ee728b)
Start importing Assets/AddressableAssetsData/AssetGroups/Default Local Group.asset using Guid(4dc2b105c1cac3f4985227524ebb7f9c) Importer(815301076,1909f56bfc062723c751e8b465ee728b)  -> (artifact id: 'd65b270230845b79b49387a018c65778') in 0.013975 seconds
  Import took 0.023402 seconds .

========================================================================
Received Import Request.
  Time since last request: 13.369126 seconds.
  path: Assets/AddressableAssetsData/AssetGroups/Schemas
  artifactKey: Guid(dfde8a214698dbb4189eee4ec9cbc58a) Importer(815301076,1909f56bfc062723c751e8b465ee728b)
Start importing Assets/AddressableAssetsData/AssetGroups/Schemas using Guid(dfde8a214698dbb4189eee4ec9cbc58a) Importer(815301076,1909f56bfc062723c751e8b465ee728b)  -> (artifact id: 'faaa2294f4f792dbaa5bed778e084f39') in 0.014405 seconds
  Import took 0.019283 seconds .

========================================================================
Received Import Request.
  Time since last request: 1.147211 seconds.
  path: Assets/AddressableAssetsData/DataBuilders/BuildScriptFastMode.asset
  artifactKey: Guid(fb48d193a79a5ac49b2b2f097ff657f6) Importer(815301076,1909f56bfc062723c751e8b465ee728b)
Start importing Assets/AddressableAssetsData/DataBuilders/BuildScriptFastMode.asset using Guid(fb48d193a79a5ac49b2b2f097ff657f6) Importer(815301076,1909f56bfc062723c751e8b465ee728b)  -> (artifact id: '7173710bd1ab2bf247256523f767626b') in 0.008255 seconds
  Import took 0.012749 seconds .

========================================================================
Received Import Request.
  Time since last request: 0.000200 seconds.
  path: Assets/AddressableAssetsData/DataBuilders/BuildScriptVirtualMode.asset
  artifactKey: Guid(f24d483214e602048888aa8a1169bce8) Importer(815301076,1909f56bfc062723c751e8b465ee728b)
Start importing Assets/AddressableAssetsData/DataBuilders/BuildScriptVirtualMode.asset using Guid(f24d483214e602048888aa8a1169bce8) Importer(815301076,1909f56bfc062723c751e8b465ee728b)  -> (artifact id: 'cd5d77e77711e4467a4c791a8502ca5e') in 0.009858 seconds
  Import took 0.037050 seconds .

========================================================================
Received Import Request.
  Time since last request: 0.000196 seconds.
  path: Assets/AddressableAssetsData/DataBuilders/BuildScriptPackedPlayMode.asset
  artifactKey: Guid(559080fa421b04f4bbd0094c0b2ceb14) Importer(815301076,1909f56bfc062723c751e8b465ee728b)
Start importing Assets/AddressableAssetsData/DataBuilders/BuildScriptPackedPlayMode.asset using Guid(559080fa421b04f4bbd0094c0b2ceb14) Importer(815301076,1909f56bfc062723c751e8b465ee728b)  -> (artifact id: 'e965324d7178113c4ebdf79db2c5d17f') in 0.010228 seconds
  Import took 0.016386 seconds .

========================================================================
Received Import Request.
  Time since last request: 0.000258 seconds.
  path: Assets/AddressableAssetsData/DataBuilders/BuildScriptPackedMode.asset
  artifactKey: Guid(fc1e32186482d5342bd2424c58883f21) Importer(815301076,1909f56bfc062723c751e8b465ee728b)
Start importing Assets/AddressableAssetsData/DataBuilders/BuildScriptPackedMode.asset using Guid(fc1e32186482d5342bd2424c58883f21) Importer(815301076,1909f56bfc062723c751e8b465ee728b)  -> (artifact id: '35e763dc8ffd2afaf8f9e8a0292c9d01') in 0.027706 seconds
  Import took 0.036269 seconds .

========================================================================
Received Import Request.
  Time since last request: 30.641834 seconds.
  path: Assets/Scriptables/Moves/Move.asset
  artifactKey: Guid(ad43d92586d9bcc4fa749e9cbc71902c) Importer(815301076,1909f56bfc062723c751e8b465ee728b)
Start importing Assets/Scriptables/Moves/Move.asset using Guid(ad43d92586d9bcc4fa749e9cbc71902c) Importer(815301076,1909f56bfc062723c751e8b465ee728b)  -> (artifact id: '840dcee0b0b488188b68717ab98a5e51') in 0.008179 seconds
  Import took 0.013546 seconds .

========================================================================
Received Import Request.
  Time since last request: 110.665403 seconds.
  path: Assets/Scriptables/Moves/Effects/BURN_FIVE_OTHER.asset
  artifactKey: Guid(170a91919ce1bd84fbbb84d65256bf0c) Importer(815301076,1909f56bfc062723c751e8b465ee728b)
Start importing Assets/Scriptables/Moves/Effects/BURN_FIVE_OTHER.asset using Guid(170a91919ce1bd84fbbb84d65256bf0c) Importer(815301076,1909f56bfc062723c751e8b465ee728b)  -> (artifact id: 'af0b0d02bde7d91cab621fdee8519200') in 0.011818 seconds
  Import took 0.019978 seconds .

========================================================================
Received Import Request.
  Time since last request: 0.001400 seconds.
  path: Assets/Scriptables/Moves/Effects/BURN_FIVE_OTHER.asset
  artifactKey: Guid(170a91919ce1bd84fbbb84d65256bf0c) Importer(815301076,1909f56bfc062723c751e8b465ee728b)
Start importing Assets/Scriptables/Moves/Effects/BURN_FIVE_OTHER.asset using Guid(170a91919ce1bd84fbbb84d65256bf0c) Importer(815301076,1909f56bfc062723c751e8b465ee728b)  -> (artifact id: 'af0b0d02bde7d91cab621fdee8519200') in 0.006083 seconds
  Import took 0.010267 seconds .

========================================================================
Received Import Request.
  Time since last request: 6.318982 seconds.
  path: Assets/Scriptables/Moves/Effects/BURN_FIVE_OTHER.asset
  artifactKey: Guid(170a91919ce1bd84fbbb84d65256bf0c) Importer(815301076,1909f56bfc062723c751e8b465ee728b)
Start importing Assets/Scriptables/Moves/Effects/BURN_FIVE_OTHER.asset using Guid(170a91919ce1bd84fbbb84d65256bf0c) Importer(815301076,1909f56bfc062723c751e8b465ee728b)  -> (artifact id: 'a26252a70ce793392204bb12a6df1abe') in 0.006937 seconds
  Import took 0.013223 seconds .

========================================================================
Received Import Request.
  Time since last request: 25.031002 seconds.
  path: Assets/Scriptables/Moves/Effects/SPEED_UP_SELF.asset
  artifactKey: Guid(2c3be0d563d2f1b4692dae3ecf7ade48) Importer(815301076,1909f56bfc062723c751e8b465ee728b)
Start importing Assets/Scriptables/Moves/Effects/SPEED_UP_SELF.asset using Guid(2c3be0d563d2f1b4692dae3ecf7ade48) Importer(815301076,1909f56bfc062723c751e8b465ee728b)  -> (artifact id: '2185cf19814d8b9de9eef55b6f51a751') in 0.016598 seconds
  Import took 0.033424 seconds .

========================================================================
Received Import Request.
  Time since last request: 8.266348 seconds.
  path: Assets/Scriptables/Moves/Effects/SPEED_UP_SELF.asset
  artifactKey: Guid(2c3be0d563d2f1b4692dae3ecf7ade48) Importer(815301076,1909f56bfc062723c751e8b465ee728b)
Start importing Assets/Scriptables/Moves/Effects/SPEED_UP_SELF.asset using Guid(2c3be0d563d2f1b4692dae3ecf7ade48) Importer(815301076,1909f56bfc062723c751e8b465ee728b)  -> (artifact id: '8d92304f57ae7554fb135d6d77379a94') in 0.012055 seconds
  Import took 0.027972 seconds .

========================================================================
Received Import Request.
  Time since last request: 145.525986 seconds.
  path: Assets/Scripts/Definitions
  artifactKey: Guid(3a86ef46f9c3cdb499f046718cc33d20) Importer(815301076,1909f56bfc062723c751e8b465ee728b)
Start importing Assets/Scripts/Definitions using Guid(3a86ef46f9c3cdb499f046718cc33d20) Importer(815301076,1909f56bfc062723c751e8b465ee728b)  -> (artifact id: '31088909f037faed62faddcafd79b27a') in 0.015790 seconds
  Import took 0.038746 seconds .

========================================================================
Received Import Request.
  Time since last request: 6.031606 seconds.
  path: Assets/Scripts/Definitions/SecondaryEffect.cs
  artifactKey: Guid(4db68022a9c544848af0500c17870872) Importer(815301076,1909f56bfc062723c751e8b465ee728b)
Start importing Assets/Scripts/Definitions/SecondaryEffect.cs using Guid(4db68022a9c544848af0500c17870872) Importer(815301076,1909f56bfc062723c751e8b465ee728b)  -> (artifact id: 'c844e2c8981671e25e1c18d2f39357b1') in 0.025244 seconds
  Import took 0.043262 seconds .

========================================================================
Received Prepare
Registering precompiled user dll's ...
Registered in 0.004813 seconds.
Begin MonoManager ReloadAssembly
Native extension for WindowsStandalone target not found
Refreshing native plugins compatible for Editor in 0.61 ms, found 3 plugins.
Preloading 0 native plugins for Editor in 0.00 ms.
Invoked RoslynAnalysisRunner static constructor.
RoslynAnalysisRunner will not be running.
RoslynAnalysisRunner has terminated.
Mono: successfully reloaded assembly
- Completed reload, in  1.653 seconds
Platform modules already initialized, skipping
Refreshing native plugins compatible for Editor in 0.81 ms, found 3 plugins.
Preloading 0 native plugins for Editor in 0.00 ms.
Unloading 1941 Unused Serialized files (Serialized files now loaded: 0)
System memory in use before: 105.0 MB.
System memory in use after: 105.1 MB.

Unloading 12 unused Assets to reduce memory usage. Loaded Objects now: 2576.
Total: 1.986300 ms (FindLiveObjects: 0.218300 ms CreateObjectMapping: 0.074900 ms MarkObjects: 1.668000 ms  DeleteObjects: 0.024100 ms)

========================================================================
Received Import Request.
  Time since last request: 30.786334 seconds.
  path: Assets/Scripts/Definitions/SecondaryEffect.cs
  artifactKey: Guid(4db68022a9c544848af0500c17870872) Importer(815301076,1909f56bfc062723c751e8b465ee728b)
Start importing Assets/Scripts/Definitions/SecondaryEffect.cs using Guid(4db68022a9c544848af0500c17870872) Importer(815301076,1909f56bfc062723c751e8b465ee728b)  -> (artifact id: 'b39bbc0968aabde248444e2cb1888367') in 0.005211 seconds
  Import took 0.008823 seconds .

========================================================================
Received Import Request.
  Time since last request: 20.894436 seconds.
  path: Assets/Scripts/Definitions/Ability.cs
  artifactKey: Guid(112f55b7a3d364b499c3ab3074571af4) Importer(815301076,1909f56bfc062723c751e8b465ee728b)
Start importing Assets/Scripts/Definitions/Ability.cs using Guid(112f55b7a3d364b499c3ab3074571af4) Importer(815301076,1909f56bfc062723c751e8b465ee728b)  -> (artifact id: 'fa88625d255443e7a38beeda27c89e74') in 0.007826 seconds
  Import took 0.014035 seconds .

========================================================================
Received Import Request.
  Time since last request: 0.000404 seconds.
  path: Assets/Scripts/Definitions/Ability.cs
  artifactKey: Guid(112f55b7a3d364b499c3ab3074571af4) Importer(815301076,1909f56bfc062723c751e8b465ee728b)
Start importing Assets/Scripts/Definitions/Ability.cs using Guid(112f55b7a3d364b499c3ab3074571af4) Importer(815301076,1909f56bfc062723c751e8b465ee728b)  -> (artifact id: 'fa88625d255443e7a38beeda27c89e74') in 0.003610 seconds
  Import took 0.010405 seconds .

========================================================================
Received Import Request.
  Time since last request: 0.732282 seconds.
  path: Assets/Scripts/Definitions/Enums.cs
  artifactKey: Guid(1a73afb2424cb4447a825f878cf0e591) Importer(815301076,1909f56bfc062723c751e8b465ee728b)
Start importing Assets/Scripts/Definitions/Enums.cs using Guid(1a73afb2424cb4447a825f878cf0e591) Importer(815301076,1909f56bfc062723c751e8b465ee728b)  -> (artifact id: 'c9cc3dd967053943f92010fc79f4ee0b') in 0.011479 seconds
  Import took 0.016292 seconds .

========================================================================
Received Import Request.
  Time since last request: 0.022743 seconds.
  path: Assets/Scripts/Definitions/Enums.cs
  artifactKey: Guid(1a73afb2424cb4447a825f878cf0e591) Importer(815301076,1909f56bfc062723c751e8b465ee728b)
Start importing Assets/Scripts/Definitions/Enums.cs using Guid(1a73afb2424cb4447a825f878cf0e591) Importer(815301076,1909f56bfc062723c751e8b465ee728b)  -> (artifact id: 'c9cc3dd967053943f92010fc79f4ee0b') in 0.005705 seconds
  Import took 0.010896 seconds .

========================================================================
Received Prepare
Registering precompiled user dll's ...
Registered in 0.001933 seconds.
Begin MonoManager ReloadAssembly
Native extension for WindowsStandalone target not found
Refreshing native plugins compatible for Editor in 0.42 ms, found 3 plugins.
Preloading 0 native plugins for Editor in 0.00 ms.
Invoked RoslynAnalysisRunner static constructor.
RoslynAnalysisRunner will not be running.
RoslynAnalysisRunner has terminated.
Mono: successfully reloaded assembly
- Completed reload, in  1.264 seconds
Platform modules already initialized, skipping
Refreshing native plugins compatible for Editor in 0.43 ms, found 3 plugins.
Preloading 0 native plugins for Editor in 0.00 ms.
Unloading 1929 Unused Serialized files (Serialized files now loaded: 0)
System memory in use before: 104.7 MB.
System memory in use after: 104.8 MB.

Unloading 12 unused Assets to reduce memory usage. Loaded Objects now: 2579.
Total: 2.907000 ms (FindLiveObjects: 0.426800 ms CreateObjectMapping: 0.118400 ms MarkObjects: 2.307200 ms  DeleteObjects: 0.053300 ms)

========================================================================
Received Import Request.
  Time since last request: 46.232856 seconds.
  path: Assets/Scriptables/Moves/Effects/BURN_FIVE_OTHER.asset
  artifactKey: Guid(170a91919ce1bd84fbbb84d65256bf0c) Importer(815301076,1909f56bfc062723c751e8b465ee728b)
Start importing Assets/Scriptables/Moves/Effects/BURN_FIVE_OTHER.asset using Guid(170a91919ce1bd84fbbb84d65256bf0c) Importer(815301076,1909f56bfc062723c751e8b465ee728b)  -> (artifact id: 'a789c478c8563eff76c76bd723958937') in 0.022121 seconds
  Import took 0.043525 seconds .

========================================================================
Received Import Request.
  Time since last request: 49.896558 seconds.
  path: Assets/Scriptables/Moves/Effects/BURN_FIVE_OTHER.asset
  artifactKey: Guid(170a91919ce1bd84fbbb84d65256bf0c) Importer(815301076,1909f56bfc062723c751e8b465ee728b)
Start importing Assets/Scriptables/Moves/Effects/BURN_FIVE_OTHER.asset using Guid(170a91919ce1bd84fbbb84d65256bf0c) Importer(815301076,1909f56bfc062723c751e8b465ee728b)  -> (artifact id: 'a9a2f4f29cc3091f72361a311ebe2073') in 0.006925 seconds
  Import took 0.014468 seconds .

========================================================================
Received Import Request.
  Time since last request: 0.000201 seconds.
  path: Assets/Scriptables/Moves/Effects/HEAL_HALF_SELF.asset
  artifactKey: Guid(a388bda55dc5b6d4d96b88ec4eff8688) Importer(815301076,1909f56bfc062723c751e8b465ee728b)
Start importing Assets/Scriptables/Moves/Effects/HEAL_HALF_SELF.asset using Guid(a388bda55dc5b6d4d96b88ec4eff8688) Importer(815301076,1909f56bfc062723c751e8b465ee728b)  -> (artifact id: '0d919b18063f194f82ca21b7ac62bda7') in 0.015945 seconds
  Import took 0.026247 seconds .

========================================================================
Received Import Request.
  Time since last request: 0.000343 seconds.
  path: Assets/Scriptables/Moves/Effects/DEF_DOWN_OTHER.asset
  artifactKey: Guid(3b04304c19b585b4bb679bf6d6192d1e) Importer(815301076,1909f56bfc062723c751e8b465ee728b)
Start importing Assets/Scriptables/Moves/Effects/DEF_DOWN_OTHER.asset using Guid(3b04304c19b585b4bb679bf6d6192d1e) Importer(815301076,1909f56bfc062723c751e8b465ee728b)  -> (artifact id: 'ebf8af7a942754dfe5f514bb11a6088b') in 0.012955 seconds
  Import took 0.024064 seconds .

========================================================================
Received Import Request.
  Time since last request: 0.000370 seconds.
  path: Assets/Scriptables/Moves/Effects/POISON_FIVE_OTHER.asset
  artifactKey: Guid(9737190055c930642a5ca78867f1cd8b) Importer(815301076,1909f56bfc062723c751e8b465ee728b)
Start importing Assets/Scriptables/Moves/Effects/POISON_FIVE_OTHER.asset using Guid(9737190055c930642a5ca78867f1cd8b) Importer(815301076,1909f56bfc062723c751e8b465ee728b)  -> (artifact id: 'c183eb1d7cb470cdffb77c868c80247f') in 0.025420 seconds
  Import took 0.049992 seconds .

========================================================================
Received Import Request.
  Time since last request: 0.000291 seconds.
  path: Assets/Scriptables/Moves/Effects/SPEED_UP_SELF.asset
  artifactKey: Guid(2c3be0d563d2f1b4692dae3ecf7ade48) Importer(815301076,1909f56bfc062723c751e8b465ee728b)
Start importing Assets/Scriptables/Moves/Effects/SPEED_UP_SELF.asset using Guid(2c3be0d563d2f1b4692dae3ecf7ade48) Importer(815301076,1909f56bfc062723c751e8b465ee728b)  -> (artifact id: 'ccdde0f9767a991f1f3af45259d91dd7') in 0.008974 seconds
  Import took 0.022422 seconds .

========================================================================
Received Prepare
Registering precompiled user dll's ...
Registered in 0.002442 seconds.
Begin MonoManager ReloadAssembly
Native extension for WindowsStandalone target not found
Refreshing native plugins compatible for Editor in 0.55 ms, found 3 plugins.
Preloading 0 native plugins for Editor in 0.00 ms.
Invoked RoslynAnalysisRunner static constructor.
RoslynAnalysisRunner will not be running.
RoslynAnalysisRunner has terminated.
Mono: successfully reloaded assembly
- Completed reload, in  1.289 seconds
Platform modules already initialized, skipping
Refreshing native plugins compatible for Editor in 0.43 ms, found 3 plugins.
Preloading 0 native plugins for Editor in 0.00 ms.
Unloading 1929 Unused Serialized files (Serialized files now loaded: 0)
System memory in use before: 104.7 MB.
System memory in use after: 104.8 MB.

Unloading 12 unused Assets to reduce memory usage. Loaded Objects now: 2582.
Total: 2.821800 ms (FindLiveObjects: 0.387800 ms CreateObjectMapping: 0.095800 ms MarkObjects: 2.317400 ms  DeleteObjects: 0.018900 ms)

========================================================================
Received Import Request.
  Time since last request: 79.123233 seconds.
  path: Assets/AddressableAssetsData/AssetGroups/Default Local Group.asset
  artifactKey: Guid(4dc2b105c1cac3f4985227524ebb7f9c) Importer(815301076,1909f56bfc062723c751e8b465ee728b)
Start importing Assets/AddressableAssetsData/AssetGroups/Default Local Group.asset using Guid(4dc2b105c1cac3f4985227524ebb7f9c) Importer(815301076,1909f56bfc062723c751e8b465ee728b)  -> (artifact id: 'd418ff86a3afb7491ac9a5ca5eb9b91a') in 0.049927 seconds
  Import took 0.055226 seconds .

========================================================================
Received Import Request.
  Time since last request: 0.000334 seconds.
  path: Assets/AddressableAssetsData/AssetGroups/interface.asset
  artifactKey: Guid(27f06bafb77773c439c7591632918c6b) Importer(815301076,1909f56bfc062723c751e8b465ee728b)
Start importing Assets/AddressableAssetsData/AssetGroups/interface.asset using Guid(27f06bafb77773c439c7591632918c6b) Importer(815301076,1909f56bfc062723c751e8b465ee728b)  -> (artifact id: '513814c7dcbe3368a87b7e52bfe00fe1') in 0.015404 seconds
  Import took 0.039949 seconds .

========================================================================
Received Prepare
Registering precompiled user dll's ...
Registered in 0.003189 seconds.
Begin MonoManager ReloadAssembly
Native extension for WindowsStandalone target not found
Refreshing native plugins compatible for Editor in 0.78 ms, found 3 plugins.
Preloading 0 native plugins for Editor in 0.00 ms.
Invoked RoslynAnalysisRunner static constructor.
RoslynAnalysisRunner will not be running.
RoslynAnalysisRunner has terminated.
Mono: successfully reloaded assembly
- Completed reload, in  2.757 seconds
Platform modules already initialized, skipping
Refreshing native plugins compatible for Editor in 0.87 ms, found 3 plugins.
Preloading 0 native plugins for Editor in 0.00 ms.
Unloading 1929 Unused Serialized files (Serialized files now loaded: 0)
System memory in use before: 104.7 MB.
System memory in use after: 104.8 MB.

Unloading 12 unused Assets to reduce memory usage. Loaded Objects now: 2585.
Total: 4.565000 ms (FindLiveObjects: 0.449500 ms CreateObjectMapping: 0.189700 ms MarkObjects: 3.902700 ms  DeleteObjects: 0.021400 ms)

========================================================================
Received Prepare
Registering precompiled user dll's ...
Registered in 0.002079 seconds.
Begin MonoManager ReloadAssembly
Native extension for WindowsStandalone target not found
Refreshing native plugins compatible for Editor in 0.97 ms, found 3 plugins.
Preloading 0 native plugins for Editor in 0.00 ms.
Invoked RoslynAnalysisRunner static constructor.
RoslynAnalysisRunner will not be running.
RoslynAnalysisRunner has terminated.
Mono: successfully reloaded assembly
- Completed reload, in  2.197 seconds
Platform modules already initialized, skipping
Refreshing native plugins compatible for Editor in 0.99 ms, found 3 plugins.
Preloading 0 native plugins for Editor in 0.00 ms.
Unloading 1929 Unused Serialized files (Serialized files now loaded: 0)
System memory in use before: 104.7 MB.
System memory in use after: 104.8 MB.

Unloading 12 unused Assets to reduce memory usage. Loaded Objects now: 2588.
Total: 4.250800 ms (FindLiveObjects: 0.404600 ms CreateObjectMapping: 0.136000 ms MarkObjects: 3.661500 ms  DeleteObjects: 0.045700 ms)

========================================================================
Received Prepare
Refreshing native plugins compatible for Editor in 2.60 ms, found 3 plugins.
Preloading 0 native plugins for Editor in 0.00 ms.
Unloading 10 Unused Serialized files (Serialized files now loaded: 0)
System memory in use before: 66.7 MB.
System memory in use after: 66.8 MB.

Unloading 9 unused Assets to reduce memory usage. Loaded Objects now: 2588.
Total: 10.624000 ms (FindLiveObjects: 0.300700 ms CreateObjectMapping: 0.087800 ms MarkObjects: 10.204400 ms  DeleteObjects: 0.029600 ms)

AssetImportWorkerClient::OnTransportError - code=2 error=End of file
